c:\users\student\downloads\rt\rt\tmp\vc120.pdb
c:\users\student\downloads\rt\rt\tmp\vc120.idb
c:\users\student\downloads\rt\rt\tmp\cimage.obj
c:\users\student\downloads\rt\rt\tmp\clight.obj
c:\users\student\downloads\rt\rt\tmp\cobject.obj
c:\users\student\downloads\rt\rt\tmp\coutput.obj
c:\users\student\downloads\rt\rt\tmp\cray.obj
c:\users\student\downloads\rt\rt\tmp\cscene.obj
c:\users\student\downloads\rt\rt\tmp\source.obj
c:\users\student\downloads\rt\rt\tmp\ccamera.obj
c:\users\student\downloads\rt\rt\tmp\craytrace.obj
c:\users\artur\documents\visual studio 2015\projects\rt\tmp\vc140.pdb
c:\users\artur\documents\visual studio 2015\projects\rt\tmp\vc140.idb
c:\users\artur\documents\visual studio 2015\projects\rt\tmp\ccamera.obj
c:\users\artur\documents\visual studio 2015\projects\rt\tmp\cimage.obj
c:\users\artur\documents\visual studio 2015\projects\rt\tmp\clight.obj
c:\users\artur\documents\visual studio 2015\projects\rt\tmp\cobject.obj
c:\users\artur\documents\visual studio 2015\projects\rt\tmp\coutput.obj
c:\users\artur\documents\visual studio 2015\projects\rt\tmp\cray.obj
c:\users\artur\documents\visual studio 2015\projects\rt\tmp\cscene.obj
c:\users\artur\documents\visual studio 2015\projects\rt\tmp\source.obj
c:\users\student\downloads\rt\rt\bin\rt.ilk
c:\users\student\downloads\rt\rt\bin\rt.exe
c:\users\student\downloads\rt\rt\bin\rt.pdb
c:\users\artur\documents\visual studio 2015\projects\rt\tmp\vc120.idb
c:\users\artur\documents\visual studio 2015\projects\rt\tmp\vc120.pdb
c:\users\artur\documents\visual studio 2015\projects\rt\bin\rt.exe
c:\users\artur\documents\visual studio 2015\projects\rt\tmp\rt.tlog\cl.command.1.tlog
c:\users\artur\documents\visual studio 2015\projects\rt\tmp\rt.tlog\cl.read.1.tlog
c:\users\artur\documents\visual studio 2015\projects\rt\tmp\rt.tlog\cl.write.1.tlog
c:\users\artur\documents\visual studio 2015\projects\rt\tmp\rt.tlog\link.command.1.tlog
c:\users\artur\documents\visual studio 2015\projects\rt\tmp\rt.tlog\link.read.1.tlog
c:\users\artur\documents\visual studio 2015\projects\rt\tmp\rt.tlog\link.write.1.tlog
